<?xml version="1.0" encoding="utf-8"?><testsuites><testsuite name="pytest" errors="0" failures="0" skipped="0" tests="4" time="24.074" timestamp="2024-09-11T09:58:54.320298" hostname="DESKTOP-4MOFA2O"><testcase classname="tests.model.test_model.TestModel" name="test_model_fit" time="6.389" /><testcase classname="tests.model.test_model.TestModel" name="test_model_predict" time="5.497" /><testcase classname="tests.model.test_model.TestModel" name="test_model_preprocess_for_serving" time="5.254" /><testcase classname="tests.model.test_model.TestModel" name="test_model_preprocess_for_training" time="5.196" /></testsuite></testsuites>