<?xml version="1.0" encoding="utf-8"?><testsuites><testsuite name="pytest" errors="0" failures="0" skipped="0" tests="4" time="26.313" timestamp="2024-09-11T11:14:32.520133" hostname="DESKTOP-4MOFA2O"><testcase classname="tests.model.test_model.TestModel" name="test_model_fit" time="5.962" /><testcase classname="tests.model.test_model.TestModel" name="test_model_predict" time="5.956" /><testcase classname="tests.model.test_model.TestModel" name="test_model_preprocess_for_serving" time="5.480" /><testcase classname="tests.model.test_model.TestModel" name="test_model_preprocess_for_training" time="6.244" /></testsuite></testsuites>